1769414447.456729 client started (5527): version 3.3a, socket /tmp/tmux-1000/default, protocol 8
1769414447.456752 on Linux 6.6.87.2-microsoft-standard-WSL2 #1 SMP PREEMPT_DYNAMIC Thu Jun  5 18:30:46 UTC 2025
1769414447.456754 using libevent 2.1.12-stable (poll); ncurses 6.3
1769414447.456763 flags are 0x18010000
1769414447.456764 socket is /tmp/tmux-1000/default
1769414447.456808 trying connect
1769414447.456869 connect failed: No such file or directory
1769414447.456875 lock file is /tmp/tmux-1000/default.lock
1769414447.456906 flock succeeded
1769414447.456908 got lock (6)
1769414447.456910 trying connect
1769414447.456915 connect failed: No such file or directory
1769414447.457278 add peer 0x5c5ec4bc7590: 7 ((nil))
1769414447.459563 sending message 100 to peer 0x5c5ec4bc7590 (4 bytes)
1769414447.459571 sending message 111 to peer 0x5c5ec4bc7590 (8 bytes)
1769414447.459574 sending message 101 to peer 0x5c5ec4bc7590 (15 bytes)
1769414447.459575 sending message 109 to peer 0x5c5ec4bc7590 (4 bytes)
1769414447.459577 sending message 102 to peer 0x5c5ec4bc7590 (11 bytes)
1769414447.459579 sending message 108 to peer 0x5c5ec4bc7590 (23 bytes)
1769414447.459580 sending message 112 to peer 0x5c5ec4bc7590 (58 bytes)
1769414447.459582 sending message 112 to peer 0x5c5ec4bc7590 (5 bytes)
1769414447.459584 sending message 112 to peer 0x5c5ec4bc7590 (5 bytes)
1769414447.459585 sending message 112 to peer 0x5c5ec4bc7590 (6 bytes)
1769414447.459587 sending message 112 to peer 0x5c5ec4bc7590 (6 bytes)
1769414447.459588 sending message 112 to peer 0x5c5ec4bc7590 (11 bytes)
1769414447.459590 sending message 112 to peer 0x5c5ec4bc7590 (10 bytes)
1769414447.459591 sending message 112 to peer 0x5c5ec4bc7590 (13 bytes)
1769414447.459593 sending message 112 to peer 0x5c5ec4bc7590 (14 bytes)
1769414447.459594 sending message 112 to peer 0x5c5ec4bc7590 (19 bytes)
1769414447.459595 sending message 112 to peer 0x5c5ec4bc7590 (11 bytes)
1769414447.459597 sending message 112 to peer 0x5c5ec4bc7590 (10 bytes)
1769414447.459598 sending message 112 to peer 0x5c5ec4bc7590 (15 bytes)
1769414447.459600 sending message 112 to peer 0x5c5ec4bc7590 (21 bytes)
1769414447.459601 sending message 112 to peer 0x5c5ec4bc7590 (13 bytes)
1769414447.459602 sending message 112 to peer 0x5c5ec4bc7590 (7 bytes)
1769414447.459604 sending message 112 to peer 0x5c5ec4bc7590 (13 bytes)
1769414447.459605 sending message 112 to peer 0x5c5ec4bc7590 (7 bytes)
1769414447.459607 sending message 112 to peer 0x5c5ec4bc7590 (13 bytes)
1769414447.459609 sending message 112 to peer 0x5c5ec4bc7590 (9 bytes)
1769414447.459610 sending message 112 to peer 0x5c5ec4bc7590 (21 bytes)
1769414447.459611 sending message 112 to peer 0x5c5ec4bc7590 (13 bytes)
1769414447.459613 sending message 112 to peer 0x5c5ec4bc7590 (9 bytes)
1769414447.459614 sending message 112 to peer 0x5c5ec4bc7590 (16 bytes)
1769414447.459616 sending message 112 to peer 0x5c5ec4bc7590 (13 bytes)
1769414447.459617 sending message 112 to peer 0x5c5ec4bc7590 (9 bytes)
1769414447.459619 sending message 112 to peer 0x5c5ec4bc7590 (9 bytes)
1769414447.459620 sending message 112 to peer 0x5c5ec4bc7590 (12 bytes)
1769414447.459621 sending message 112 to peer 0x5c5ec4bc7590 (8 bytes)
1769414447.459623 sending message 112 to peer 0x5c5ec4bc7590 (8 bytes)
1769414447.459624 sending message 112 to peer 0x5c5ec4bc7590 (13 bytes)
1769414447.459626 sending message 112 to peer 0x5c5ec4bc7590 (7 bytes)
1769414447.459627 sending message 112 to peer 0x5c5ec4bc7590 (7 bytes)
1769414447.459629 sending message 112 to peer 0x5c5ec4bc7590 (9 bytes)
1769414447.459630 sending message 112 to peer 0x5c5ec4bc7590 (9 bytes)
1769414447.459632 sending message 112 to peer 0x5c5ec4bc7590 (15 bytes)
1769414447.459633 sending message 112 to peer 0x5c5ec4bc7590 (13 bytes)
1769414447.459635 sending message 112 to peer 0x5c5ec4bc7590 (12 bytes)
1769414447.459636 sending message 112 to peer 0x5c5ec4bc7590 (8 bytes)
1769414447.459637 sending message 112 to peer 0x5c5ec4bc7590 (14 bytes)
1769414447.459639 sending message 112 to peer 0x5c5ec4bc7590 (11 bytes)
1769414447.459640 sending message 112 to peer 0x5c5ec4bc7590 (9 bytes)
1769414447.459658 sending message 112 to peer 0x5c5ec4bc7590 (10 bytes)
1769414447.459661 sending message 112 to peer 0x5c5ec4bc7590 (10 bytes)
1769414447.459663 sending message 112 to peer 0x5c5ec4bc7590 (10 bytes)
1769414447.459664 sending message 112 to peer 0x5c5ec4bc7590 (10 bytes)
1769414447.459666 sending message 112 to peer 0x5c5ec4bc7590 (11 bytes)
1769414447.459667 sending message 112 to peer 0x5c5ec4bc7590 (12 bytes)
1769414447.459669 sending message 112 to peer 0x5c5ec4bc7590 (12 bytes)
1769414447.459671 sending message 112 to peer 0x5c5ec4bc7590 (12 bytes)
1769414447.459672 sending message 112 to peer 0x5c5ec4bc7590 (12 bytes)
1769414447.459673 sending message 112 to peer 0x5c5ec4bc7590 (12 bytes)
1769414447.459675 sending message 112 to peer 0x5c5ec4bc7590 (11 bytes)
1769414447.459676 sending message 112 to peer 0x5c5ec4bc7590 (11 bytes)
1769414447.459678 sending message 112 to peer 0x5c5ec4bc7590 (12 bytes)
1769414447.459679 sending message 112 to peer 0x5c5ec4bc7590 (12 bytes)
1769414447.459680 sending message 112 to peer 0x5c5ec4bc7590 (12 bytes)
1769414447.459682 sending message 112 to peer 0x5c5ec4bc7590 (12 bytes)
1769414447.459683 sending message 112 to peer 0x5c5ec4bc7590 (12 bytes)
1769414447.459685 sending message 112 to peer 0x5c5ec4bc7590 (9 bytes)
1769414447.459686 sending message 112 to peer 0x5c5ec4bc7590 (12 bytes)
1769414447.459688 sending message 112 to peer 0x5c5ec4bc7590 (13 bytes)
1769414447.459689 sending message 112 to peer 0x5c5ec4bc7590 (13 bytes)
1769414447.459691 sending message 112 to peer 0x5c5ec4bc7590 (13 bytes)
1769414447.459692 sending message 112 to peer 0x5c5ec4bc7590 (13 bytes)
1769414447.459693 sending message 112 to peer 0x5c5ec4bc7590 (13 bytes)
1769414447.459695 sending message 112 to peer 0x5c5ec4bc7590 (8 bytes)
1769414447.459696 sending message 112 to peer 0x5c5ec4bc7590 (11 bytes)
1769414447.459698 sending message 112 to peer 0x5c5ec4bc7590 (11 bytes)
1769414447.459699 sending message 112 to peer 0x5c5ec4bc7590 (11 bytes)
1769414447.459700 sending message 112 to peer 0x5c5ec4bc7590 (12 bytes)
1769414447.459702 sending message 112 to peer 0x5c5ec4bc7590 (12 bytes)
1769414447.459703 sending message 112 to peer 0x5c5ec4bc7590 (12 bytes)
1769414447.459705 sending message 112 to peer 0x5c5ec4bc7590 (12 bytes)
1769414447.459706 sending message 112 to peer 0x5c5ec4bc7590 (13 bytes)
1769414447.459708 sending message 112 to peer 0x5c5ec4bc7590 (13 bytes)
1769414447.459709 sending message 112 to peer 0x5c5ec4bc7590 (13 bytes)
1769414447.459711 sending message 112 to peer 0x5c5ec4bc7590 (8 bytes)
1769414447.459712 sending message 112 to peer 0x5c5ec4bc7590 (13 bytes)
1769414447.459714 sending message 112 to peer 0x5c5ec4bc7590 (13 bytes)
1769414447.459715 sending message 112 to peer 0x5c5ec4bc7590 (13 bytes)
1769414447.459717 sending message 112 to peer 0x5c5ec4bc7590 (13 bytes)
1769414447.459718 sending message 112 to peer 0x5c5ec4bc7590 (13 bytes)
1769414447.459720 sending message 112 to peer 0x5c5ec4bc7590 (12 bytes)
1769414447.459721 sending message 112 to peer 0x5c5ec4bc7590 (12 bytes)
1769414447.459723 sending message 112 to peer 0x5c5ec4bc7590 (12 bytes)
1769414447.459724 sending message 112 to peer 0x5c5ec4bc7590 (12 bytes)
1769414447.459725 sending message 112 to peer 0x5c5ec4bc7590 (13 bytes)
1769414447.459727 sending message 112 to peer 0x5c5ec4bc7590 (8 bytes)
1769414447.459728 sending message 112 to peer 0x5c5ec4bc7590 (13 bytes)
1769414447.459730 sending message 112 to peer 0x5c5ec4bc7590 (13 bytes)
1769414447.459731 sending message 112 to peer 0x5c5ec4bc7590 (13 bytes)
1769414447.459732 sending message 112 to peer 0x5c5ec4bc7590 (13 bytes)
1769414447.459734 sending message 112 to peer 0x5c5ec4bc7590 (13 bytes)
1769414447.459735 sending message 112 to peer 0x5c5ec4bc7590 (13 bytes)
1769414447.459736 sending message 112 to peer 0x5c5ec4bc7590 (13 bytes)
1769414447.459738 sending message 112 to peer 0x5c5ec4bc7590 (12 bytes)
1769414447.459739 sending message 112 to peer 0x5c5ec4bc7590 (12 bytes)
1769414447.459741 sending message 112 to peer 0x5c5ec4bc7590 (12 bytes)
1769414447.459754 sending message 112 to peer 0x5c5ec4bc7590 (8 bytes)
1769414447.459757 sending message 112 to peer 0x5c5ec4bc7590 (12 bytes)
1769414447.459759 sending message 112 to peer 0x5c5ec4bc7590 (13 bytes)
1769414447.459760 sending message 112 to peer 0x5c5ec4bc7590 (13 bytes)
1769414447.459762 sending message 112 to peer 0x5c5ec4bc7590 (13 bytes)
1769414447.459764 sending message 112 to peer 0x5c5ec4bc7590 (13 bytes)
1769414447.459765 sending message 112 to peer 0x5c5ec4bc7590 (13 bytes)
1769414447.459766 sending message 112 to peer 0x5c5ec4bc7590 (13 bytes)
1769414447.459768 sending message 112 to peer 0x5c5ec4bc7590 (13 bytes)
1769414447.459769 sending message 112 to peer 0x5c5ec4bc7590 (13 bytes)
1769414447.459771 sending message 112 to peer 0x5c5ec4bc7590 (12 bytes)
1769414447.459772 sending message 112 to peer 0x5c5ec4bc7590 (10 bytes)
1769414447.459774 sending message 112 to peer 0x5c5ec4bc7590 (12 bytes)
1769414447.459776 sending message 112 to peer 0x5c5ec4bc7590 (12 bytes)
1769414447.459777 sending message 112 to peer 0x5c5ec4bc7590 (12 bytes)
1769414447.459778 sending message 112 to peer 0x5c5ec4bc7590 (13 bytes)
1769414447.459780 sending message 112 to peer 0x5c5ec4bc7590 (13 bytes)
1769414447.459781 sending message 112 to peer 0x5c5ec4bc7590 (13 bytes)
1769414447.459783 sending message 112 to peer 0x5c5ec4bc7590 (13 bytes)
1769414447.459784 sending message 112 to peer 0x5c5ec4bc7590 (13 bytes)
1769414447.459785 sending message 112 to peer 0x5c5ec4bc7590 (13 bytes)
1769414447.459787 sending message 112 to peer 0x5c5ec4bc7590 (13 bytes)
1769414447.459788 sending message 112 to peer 0x5c5ec4bc7590 (10 bytes)
1769414447.459790 sending message 112 to peer 0x5c5ec4bc7590 (13 bytes)
1769414447.459791 sending message 112 to peer 0x5c5ec4bc7590 (12 bytes)
1769414447.459793 sending message 112 to peer 0x5c5ec4bc7590 (12 bytes)
1769414447.459795 sending message 112 to peer 0x5c5ec4bc7590 (12 bytes)
1769414447.459796 sending message 112 to peer 0x5c5ec4bc7590 (10 bytes)
1769414447.459798 sending message 112 to peer 0x5c5ec4bc7590 (10 bytes)
1769414447.459799 sending message 112 to peer 0x5c5ec4bc7590 (10 bytes)
1769414447.459800 sending message 112 to peer 0x5c5ec4bc7590 (12 bytes)
1769414447.459802 sending message 112 to peer 0x5c5ec4bc7590 (13 bytes)
1769414447.459803 sending message 112 to peer 0x5c5ec4bc7590 (13 bytes)
1769414447.459805 sending message 112 to peer 0x5c5ec4bc7590 (13 bytes)
1769414447.459806 sending message 112 to peer 0x5c5ec4bc7590 (13 bytes)
1769414447.459807 sending message 112 to peer 0x5c5ec4bc7590 (13 bytes)
1769414447.459809 sending message 112 to peer 0x5c5ec4bc7590 (10 bytes)
1769414447.459810 sending message 112 to peer 0x5c5ec4bc7590 (11 bytes)
1769414447.459812 sending message 112 to peer 0x5c5ec4bc7590 (12 bytes)
1769414447.459813 sending message 112 to peer 0x5c5ec4bc7590 (12 bytes)
1769414447.459815 sending message 112 to peer 0x5c5ec4bc7590 (12 bytes)
1769414447.459816 sending message 112 to peer 0x5c5ec4bc7590 (12 bytes)
1769414447.459817 sending message 112 to peer 0x5c5ec4bc7590 (12 bytes)
1769414447.459819 sending message 112 to peer 0x5c5ec4bc7590 (11 bytes)
1769414447.459820 sending message 112 to peer 0x5c5ec4bc7590 (12 bytes)
1769414447.459822 sending message 112 to peer 0x5c5ec4bc7590 (12 bytes)
1769414447.459823 sending message 112 to peer 0x5c5ec4bc7590 (13 bytes)
1769414447.459824 sending message 112 to peer 0x5c5ec4bc7590 (13 bytes)
1769414447.459826 sending message 112 to peer 0x5c5ec4bc7590 (13 bytes)
1769414447.459827 sending message 112 to peer 0x5c5ec4bc7590 (13 bytes)
1769414447.459828 sending message 112 to peer 0x5c5ec4bc7590 (13 bytes)
1769414447.459830 sending message 112 to peer 0x5c5ec4bc7590 (10 bytes)
1769414447.459831 sending message 112 to peer 0x5c5ec4bc7590 (9 bytes)
1769414447.459833 sending message 112 to peer 0x5c5ec4bc7590 (12 bytes)
1769414447.459834 sending message 112 to peer 0x5c5ec4bc7590 (13 bytes)
1769414447.459836 sending message 112 to peer 0x5c5ec4bc7590 (13 bytes)
1769414447.459849 sending message 112 to peer 0x5c5ec4bc7590 (13 bytes)
1769414447.459852 sending message 112 to peer 0x5c5ec4bc7590 (13 bytes)
1769414447.459854 sending message 112 to peer 0x5c5ec4bc7590 (13 bytes)
1769414447.459856 sending message 112 to peer 0x5c5ec4bc7590 (9 bytes)
1769414447.459858 sending message 112 to peer 0x5c5ec4bc7590 (12 bytes)
1769414447.459860 sending message 112 to peer 0x5c5ec4bc7590 (13 bytes)
1769414447.459862 sending message 112 to peer 0x5c5ec4bc7590 (13 bytes)
1769414447.459863 sending message 112 to peer 0x5c5ec4bc7590 (13 bytes)
1769414447.459865 sending message 112 to peer 0x5c5ec4bc7590 (13 bytes)
1769414447.459866 sending message 112 to peer 0x5c5ec4bc7590 (13 bytes)
1769414447.459867 sending message 112 to peer 0x5c5ec4bc7590 (11 bytes)
1769414447.459869 sending message 112 to peer 0x5c5ec4bc7590 (12 bytes)
1769414447.459870 sending message 112 to peer 0x5c5ec4bc7590 (13 bytes)
1769414447.459872 sending message 112 to peer 0x5c5ec4bc7590 (13 bytes)
1769414447.459874 sending message 112 to peer 0x5c5ec4bc7590 (13 bytes)
1769414447.459876 sending message 112 to peer 0x5c5ec4bc7590 (13 bytes)
1769414447.459878 sending message 112 to peer 0x5c5ec4bc7590 (13 bytes)
1769414447.459879 sending message 112 to peer 0x5c5ec4bc7590 (11 bytes)
1769414447.459881 sending message 112 to peer 0x5c5ec4bc7590 (12 bytes)
1769414447.459883 sending message 112 to peer 0x5c5ec4bc7590 (12 bytes)
1769414447.459885 sending message 112 to peer 0x5c5ec4bc7590 (12 bytes)
1769414447.459886 sending message 112 to peer 0x5c5ec4bc7590 (12 bytes)
1769414447.459888 sending message 112 to peer 0x5c5ec4bc7590 (12 bytes)
1769414447.459889 sending message 112 to peer 0x5c5ec4bc7590 (21 bytes)
1769414447.459891 sending message 112 to peer 0x5c5ec4bc7590 (12 bytes)
1769414447.459892 sending message 112 to peer 0x5c5ec4bc7590 (9 bytes)
1769414447.459894 sending message 112 to peer 0x5c5ec4bc7590 (6 bytes)
1769414447.459895 sending message 112 to peer 0x5c5ec4bc7590 (13 bytes)
1769414447.459897 sending message 112 to peer 0x5c5ec4bc7590 (10 bytes)
1769414447.459898 sending message 112 to peer 0x5c5ec4bc7590 (24 bytes)
1769414447.459899 sending message 112 to peer 0x5c5ec4bc7590 (13 bytes)
1769414447.459901 sending message 112 to peer 0x5c5ec4bc7590 (9 bytes)
1769414447.459902 sending message 112 to peer 0x5c5ec4bc7590 (70 bytes)
1769414447.459904 sending message 112 to peer 0x5c5ec4bc7590 (69 bytes)
1769414447.459906 sending message 112 to peer 0x5c5ec4bc7590 (12 bytes)
1769414447.459907 sending message 112 to peer 0x5c5ec4bc7590 (10 bytes)
1769414447.459909 sending message 112 to peer 0x5c5ec4bc7590 (10 bytes)
1769414447.459910 sending message 112 to peer 0x5c5ec4bc7590 (24 bytes)
1769414447.459911 sending message 112 to peer 0x5c5ec4bc7590 (13 bytes)
1769414447.459913 sending message 112 to peer 0x5c5ec4bc7590 (10 bytes)
1769414447.459914 sending message 112 to peer 0x5c5ec4bc7590 (10 bytes)
1769414447.459915 sending message 112 to peer 0x5c5ec4bc7590 (10 bytes)
1769414447.459917 sending message 112 to peer 0x5c5ec4bc7590 (13 bytes)
1769414447.459918 sending message 112 to peer 0x5c5ec4bc7590 (15 bytes)
1769414447.459919 sending message 112 to peer 0x5c5ec4bc7590 (5 bytes)
1769414447.459921 sending message 104 to peer 0x5c5ec4bc7590 (0 bytes)
1769414447.459923 sending message 110 to peer 0x5c5ec4bc7590 (0 bytes)
1769414447.459925 sending message 107 to peer 0x5c5ec4bc7590 (4 bytes)
1769414447.459927 sending message 105 to peer 0x5c5ec4bc7590 (27 bytes)
1769414447.459939 sending message 105 to peer 0x5c5ec4bc7590 (8 bytes)
1769414447.459942 sending message 105 to peer 0x5c5ec4bc7590 (17 bytes)
1769414447.459945 sending message 105 to peer 0x5c5ec4bc7590 (32 bytes)
1769414447.459947 sending message 105 to peer 0x5c5ec4bc7590 (20 bytes)
1769414447.459949 sending message 105 to peer 0x5c5ec4bc7590 (15 bytes)
1769414447.459950 sending message 105 to peer 0x5c5ec4bc7590 (23 bytes)
1769414447.459953 sending message 105 to peer 0x5c5ec4bc7590 (1764 bytes)
1769414447.459964 sending message 105 to peer 0x5c5ec4bc7590 (48 bytes)
1769414447.459977 sending message 105 to peer 0x5c5ec4bc7590 (20 bytes)
1769414447.459980 sending message 105 to peer 0x5c5ec4bc7590 (18 bytes)
1769414447.459982 sending message 105 to peer 0x5c5ec4bc7590 (54 bytes)
1769414447.459984 sending message 105 to peer 0x5c5ec4bc7590 (38 bytes)
1769414447.459986 sending message 105 to peer 0x5c5ec4bc7590 (26 bytes)
1769414447.459987 sending message 105 to peer 0x5c5ec4bc7590 (20 bytes)
1769414447.459989 sending message 105 to peer 0x5c5ec4bc7590 (2058 bytes)
1769414447.459991 sending message 105 to peer 0x5c5ec4bc7590 (24 bytes)
1769414447.459993 sending message 105 to peer 0x5c5ec4bc7590 (12 bytes)
1769414447.459994 sending message 105 to peer 0x5c5ec4bc7590 (21 bytes)
1769414447.459996 sending message 105 to peer 0x5c5ec4bc7590 (40 bytes)
1769414447.459997 sending message 105 to peer 0x5c5ec4bc7590 (33 bytes)
1769414447.459999 sending message 105 to peer 0x5c5ec4bc7590 (53 bytes)
1769414447.460000 sending message 105 to peer 0x5c5ec4bc7590 (11 bytes)
1769414447.460002 sending message 105 to peer 0x5c5ec4bc7590 (33 bytes)
1769414447.460003 sending message 105 to peer 0x5c5ec4bc7590 (16 bytes)
1769414447.460005 sending message 106 to peer 0x5c5ec4bc7590 (0 bytes)
1769414447.460097 sending message 200 to peer 0x5c5ec4bc7590 (4 bytes)
1769414447.460100 client loop enter
1769414447.460113 client_signal: Child exited
1769414447.479717 peer 0x5c5ec4bc7590 message 207
1769414447.479725 sending message 208 to peer 0x5c5ec4bc7590 (0 bytes)
1769414573.446479 peer 0x5c5ec4bc7590 message 214
1769423533.884581 client_signal: Hangup
1769423533.886348 sending message 205 to peer 0x5c5ec4bc7590 (0 bytes)
1769423533.886482 client_signal: Continued
1769423533.886518 sending message 216 to peer 0x5c5ec4bc7590 (0 bytes)
1769423533.886577 client loop exit
